[08/26/2022 10:52:51] Debug: Session id: e99b349c-efbe-412b-a3d1-cbaf7c9937c8
[08/26/2022 10:52:51] Debug: Code Processor information: Name :SnowConvert, Version: 7.11.102.0
[08/26/2022 10:52:51] Debug: Getting license
[08/26/2022 10:52:51] Debug: License information
	Status: Failed
	Message: No active license available.
[08/26/2022 10:52:51] Info: Starting to validate parameters
[08/26/2022 10:52:51] Info: Parameters to validate: 
	Execution mode: Conversion
	LICENSE_KEY: a3372138-b87e-4a08-b929-3b48b24c63f1
[08/26/2022 10:52:51] Info: Validation of parameters: Success
[08/26/2022 10:52:51] Debug: Getting code descriptor
[08/26/2022 10:52:51] Debug: Code descriptor information
	Units: 51
	Units type: LOC
	All file bytes: 2141
	All found extensions: .sql,.dml,.ddl,.bteq,.btq,.fl,.fload,.ml,.mload,.mld,.tp,.tpump,.tpt
[08/26/2022 10:52:51] Debug: Calculating fingerprint
[08/26/2022 10:52:51] Debug: Fingerprint information Fingerprint(size=2141,projects=1)
[08/26/2022 10:52:51] Info: Starting to try to validate online license for execution
[08/26/2022 10:52:53] Debug: Getting license
[08/26/2022 10:52:53] Debug: License information
	Status: Failed
	Message: No active license available.
[08/26/2022 10:52:53] Debug: Starting the execution of the controller
[08/26/2022 10:52:54] Debug: Executing the worker: SnowConvert
[08/26/2022 10:53:06] Debug: Finished executing the worker: SnowConvert
[08/26/2022 10:53:08] Info: Controller execution ended
